<?xml version="1.0" encoding="UTF-8"?>
<!-- Generated by org.testng.reporters.JUnitReportReporter -->
<testsuite hostname="TYSS-Rakesh-B" failures="0" tests="1" name="testscripts.TestCase01" time="6.828" errors="0" timestamp="2024-05-02T11:50:40 IST" skipped="0">
  <testcase classname="testscripts.TestCase01" name="royalEnfieldTestCase" time="6.828"/>
  <system-out>
    <![CDATA[Royal Enfield Test Case Pass..]]>
  </system-out>
</testsuite> <!-- testscripts.TestCase01 -->
