<?xml version="1.0" encoding="UTF-8"?>
<!-- Generated by org.testng.reporters.JUnitReportReporter -->
<testsuite hostname="TYSS-Rakesh-B" failures="0" tests="1" name="testscripts.TestCase02" time="3.726" errors="0" timestamp="2024-05-02T11:50:40 IST" skipped="0">
  <testcase classname="testscripts.TestCase02" name="jawaMotorsTestCase" time="3.726"/>
  <system-out>
    <![CDATA[Jawa Motors Test Case Pass..]]>
  </system-out>
</testsuite> <!-- testscripts.TestCase02 -->
