<?xml version="1.0" encoding="UTF-8"?>
<!-- Generated by org.testng.reporters.JUnitReportReporter -->
<testsuite hostname="TYSS-Rakesh-B" failures="0" tests="1" name="testscripts.TestCase03" time="5.096" errors="0" timestamp="2024-05-02T11:50:40 IST" skipped="0">
  <testcase classname="testscripts.TestCase03" name="ktmTestCase" time="5.096"/>
  <system-out>
    <![CDATA[KTM Test Case Pass..]]>
  </system-out>
</testsuite> <!-- testscripts.TestCase03 -->
